<?xml version="1.0" encoding="UTF-8"?>
<testng-results skipped="0" failed="0" ignored="0" total="1" passed="1">
  <reporter-output>
  </reporter-output>
  <suite name="Default suite" duration-ms="8052" started-at="2018-05-17T10:44:07Z" finished-at="2018-05-17T10:44:15Z">
    <groups>
    </groups>
    <test name="Default test" duration-ms="8052" started-at="2018-05-17T10:44:07Z" finished-at="2018-05-17T10:44:15Z">
      <class name="testngPractice.NewTestng">
        <test-method status="PASS" signature="f()[pri:0, instance:testngPractice.NewTestng@2a5ca609]" name="f" duration-ms="8019" started-at="2018-05-17T10:44:07Z" finished-at="2018-05-17T10:44:15Z">
          <reporter-output>
          </reporter-output>
        </test-method> <!-- f -->
      </class> <!-- testngPractice.NewTestng -->
    </test> <!-- Default test -->
  </suite> <!-- Default suite -->
</testng-results>
